
svl clean info: [persistent] shopOnlineV2_raw.bcg

"shopOnlineV2_raw.bcg" = generation of "shopOnlineV2.lnt":"MAIN[searchItems, chooseItems, payment, card, giftVoucher, payOnDelivery, validate, checkTxn, checkInventory, identifyWarehouse, procureItems, updateInventory, unavailableItem, notifyUnavailableItems, shipItems, deliverItems, reattempt, signIn, signUp, partialRefund, refundReturn, notifyFailedDelivery]"

svl clean info: [temporary] generator

svl clean info: [temporary] generator.o

svl clean info: [temporary] shopOnlineV2.o

svl clean info: [temporary] shopOnlineV2.err

% lnt.open  -root 'MAIN[searchItems, chooseItems, payment, card, giftVoucher, payOnDelivery, validate, checkTxn, checkInventory, identifyWarehouse, procureItems, updateInventory, unavailableItem, notifyUnavailableItems, shipItems, deliverItems, reattempt, signIn, signUp, partialRefund, refundReturn, notifyFailedDelivery]' "shopOnlineV2.lnt"  generator  "shopOnlineV2_raw.bcg"

lnt.open: translating ``id.lnt'' to ``/tmp/lnt.17819/ID.lib'' ...

lnt.open: translating ``bpmntypes.lnt'' to ``/tmp/lnt.17819/BPMNTYPES.lib'' ...
/tmp/lnt.17819/bpmntypes.lnt:11: warning: function ``insert'' is automatically defined (``with'' clause ignored)
/tmp/lnt.17819/bpmntypes.lnt:118: warning: value stored in variable NAME is not used later
/tmp/lnt.17819/bpmntypes.lnt:118: warning: value stored in variable FLOWS is not used later
/tmp/lnt.17819/bpmntypes.lnt:125: warning: value stored in variable TL is not used later
/tmp/lnt.17819/bpmntypes.lnt:128: warning: value stored in variable TASKS is not used later
/tmp/lnt.17819/bpmntypes.lnt:127: warning: value stored in variable FINALS is not used later
/tmp/lnt.17819/bpmntypes.lnt:126: warning: value stored in variable INITIAL is not used later
/tmp/lnt.17819/bpmntypes.lnt:136: warning: value stored in variable PATTERN is not used later
/tmp/lnt.17819/bpmntypes.lnt:136: warning: value stored in variable SORT is not used later
/tmp/lnt.17819/bpmntypes.lnt:136: warning: value stored in variable OUTF is not used later
/tmp/lnt.17819/bpmntypes.lnt:171: warning: value stored in variable VISITED is not used later
/tmp/lnt.17819/bpmntypes.lnt:193: warning: variable ACTIVESYNC is declared but not used
/tmp/lnt.17819/bpmntypes.lnt:239: warning: value stored in variable NAME is not used later
/tmp/lnt.17819/bpmntypes.lnt:239: warning: value stored in variable NODES is not used later
/tmp/lnt.17819/bpmntypes.lnt:248: warning: value stored in variable TARGET is not used later
/tmp/lnt.17819/bpmntypes.lnt:263: warning: value stored in variable NAME is not used later
/tmp/lnt.17819/bpmntypes.lnt:263: warning: value stored in variable FLOWS is not used later
/tmp/lnt.17819/bpmntypes.lnt:279: warning: value stored in variable INITIAL is not used later
/tmp/lnt.17819/bpmntypes.lnt:303: warning: value stored in variable PATTERN is not used later
/tmp/lnt.17819/bpmntypes.lnt:303: warning: value stored in variable SORT is not used later
/tmp/lnt.17819/bpmntypes.lnt:303: warning: value stored in variable OUTF is not used later
/tmp/lnt.17819/bpmntypes.lnt:331: warning: value stored in variable OUTF is not used later
/tmp/lnt.17819/bpmntypes.lnt:376: warning: value stored in variable INITIAL is not used later
/tmp/lnt.17819/bpmntypes.lnt:387: warning: value stored in variable PATTERN is not used later
/tmp/lnt.17819/bpmntypes.lnt:387: warning: value stored in variable SORT is not used later
/tmp/lnt.17819/bpmntypes.lnt:387: warning: value stored in variable OUTF is not used later
/tmp/lnt.17819/bpmntypes.lnt:415: warning: value stored in variable OUTF is not used later

lnt.open: translating ``shopOnlineV2.lnt'' to ``/tmp/lnt.17819/shopOnlineV2.lotos'' ...
/tmp/lnt.17819/shopOnlineV2.lnt:37: warning: variable IDENT4 is declared but not used
/tmp/lnt.17819/shopOnlineV2.lnt:37: warning: variable IDENT3 is declared but not used
/tmp/lnt.17819/shopOnlineV2.lnt:37: warning: variable IDENT2 is declared but not used
/tmp/lnt.17819/shopOnlineV2.lnt:37: warning: variable IDENT1 is declared but not used
/tmp/lnt.17819/shopOnlineV2.lnt:4: warning: value stored in variable IDENT is not used later
/tmp/lnt.17819/shopOnlineV2.lnt:10: warning: value stored in variable IDENT is not used later
/tmp/lnt.17819/shopOnlineV2.lnt:20: warning: value stored in variable IDENT is not used later
/tmp/lnt.17819/shopOnlineV2.lnt:20: warning: value stored in variable IDENT is not used later
/tmp/lnt.17819/shopOnlineV2.lnt:24: warning: value stored in variable IDENT is not used later
/tmp/lnt.17819/shopOnlineV2.lnt:25: warning: value stored in variable IDENT is not used later
/tmp/lnt.17819/shopOnlineV2.lnt:25: warning: value stored in variable IDENT is not used later
/tmp/lnt.17819/shopOnlineV2.lnt:25: warning: value stored in variable IDENT is not used later
/tmp/lnt.17819/shopOnlineV2.lnt:29: warning: value stored in variable IDENT is not used later
/tmp/lnt.17819/shopOnlineV2.lnt:29: warning: value stored in variable IDENT is not used later
/tmp/lnt.17819/shopOnlineV2.lnt:29: warning: value stored in variable IDENT is not used later
/tmp/lnt.17819/shopOnlineV2.lnt:33: warning: value stored in variable IDENT is not used later
/tmp/lnt.17819/shopOnlineV2.lnt:33: warning: value stored in variable IDENT is not used later
/tmp/lnt.17819/shopOnlineV2.lnt:33: warning: value stored in variable IDENT is not used later
/tmp/lnt.17819/shopOnlineV2.lnt:39: warning: value stored in variable IDENT is not used later
/tmp/lnt.17819/shopOnlineV2.lnt:70: warning: value stored in variable IDENT7 is not used later
/tmp/lnt.17819/shopOnlineV2.lnt:72: warning: value stored in variable IDENT6 is not used later
/tmp/lnt.17819/shopOnlineV2.lnt:74: warning: value stored in variable IDENT5 is not used later
/tmp/lnt.17819/shopOnlineV2.lnt:63: warning: value stored in variable IDENT7 is not used later
/tmp/lnt.17819/shopOnlineV2.lnt:65: warning: value stored in variable IDENT6 is not used later
/tmp/lnt.17819/shopOnlineV2.lnt:56: warning: value stored in variable IDENT7 is not used later
/tmp/lnt.17819/shopOnlineV2.lnt:58: warning: value stored in variable IDENT6 is not used later
/tmp/lnt.17819/shopOnlineV2.lnt:49: warning: value stored in variable IDENT7 is not used later
/tmp/lnt.17819/shopOnlineV2.lnt:51: warning: value stored in variable IDENT6 is not used later
/tmp/lnt.17819/shopOnlineV2.lnt:45: warning: value stored in variable IDENT is not used later
/tmp/lnt.17819/shopOnlineV2.lnt:43: warning: value stored in variable IDENT is not used later
/tmp/lnt.17819/shopOnlineV2.lnt:41: warning: value stored in variable IDENT is not used later
/tmp/lnt.17819/shopOnlineV2.lnt:93: warning: value stored in variable IDENT is not used later
/tmp/lnt.17819/shopOnlineV2.lnt:89: warning: value stored in variable IDENT is not used later
/tmp/lnt.17819/shopOnlineV2.lnt:88: warning: value stored in variable IDENT is not used later
/tmp/lnt.17819/shopOnlineV2.lnt:100: warning: value stored in variable IDENT is not used later
/tmp/lnt.17819/shopOnlineV2.lnt:99: warning: value stored in variable IDENT is not used later
/tmp/lnt.17819/shopOnlineV2.lnt:99: warning: value stored in variable IDENT is not used later
/tmp/lnt.17819/shopOnlineV2.lnt:104: warning: value stored in variable IDENT is not used later
/tmp/lnt.17819/shopOnlineV2.lnt:105: warning: value stored in variable IDENT is not used later
/tmp/lnt.17819/shopOnlineV2.lnt:105: warning: value stored in variable IDENT is not used later
/tmp/lnt.17819/shopOnlineV2.lnt:109: warning: value stored in variable IDENT is not used later
/tmp/lnt.17819/shopOnlineV2.lnt:110: warning: value stored in variable IDENT is not used later
/tmp/lnt.17819/shopOnlineV2.lnt:110: warning: value stored in variable IDENT is not used later
/tmp/lnt.17819/shopOnlineV2.lnt:114: warning: value stored in variable IDENT is not used later
/tmp/lnt.17819/shopOnlineV2.lnt:115: warning: value stored in variable IDENT2 is not used later
/tmp/lnt.17819/shopOnlineV2.lnt:115: warning: value stored in variable IDENT1 is not used later
/tmp/lnt.17819/shopOnlineV2.lnt:119: warning: value stored in variable IDENT2 is not used later
/tmp/lnt.17819/shopOnlineV2.lnt:119: warning: value stored in variable IDENT1 is not used later
/tmp/lnt.17819/shopOnlineV2.lnt:119: warning: value stored in variable IDENT is not used later
/tmp/lnt.17819/shopOnlineV2.lnt:123: warning: value stored in variable IDENT is not used later
/tmp/lnt.17819/shopOnlineV2.lnt:124: warning: value stored in variable IDENT is not used later
/tmp/lnt.17819/shopOnlineV2.lnt:124: warning: value stored in variable IDENT is not used later
/tmp/lnt.17819/shopOnlineV2.lnt:128: warning: value stored in variable IDENT is not used later
/tmp/lnt.17819/shopOnlineV2.lnt:128: warning: value stored in variable IDENT is not used later
/tmp/lnt.17819/shopOnlineV2.lnt:128: warning: value stored in variable IDENT is not used later
/tmp/lnt.17819/shopOnlineV2.lnt:132: warning: value stored in variable IDENT is not used later
/tmp/lnt.17819/shopOnlineV2.lnt:133: warning: value stored in variable IDENT is not used later
/tmp/lnt.17819/shopOnlineV2.lnt:133: warning: value stored in variable IDENT is not used later

lnt.open: calling caesar.open for ``shopOnlineV2.lotos'' ...
caesar.open: using ``(direct) caesar''
caesar.open: calling ``caesar.adt -debug -silent shopOnlineV2''
cadp_indent: the program ``indent'' failed
             file ``shopOnlineV2.h'' will not be formatted
caesar.open: calling ``lnt_check'' for ``shopOnlineV2.h''
caesar.open: calling ``caesar -root '-' -silent shopOnlineV2''
#133 warning during generation:
     impossible rendez-vous detected
In specification SHOPONLINEV2 [3]

   - a deadlock exists for rendez-vous:
        exit
     synchronized by parallel operator ``|[exit]|''
     this gate/offer combination is used in the left operand:
        INIT [exit, BEGIN, FLOW37_BEGIN]
     but not in the right operand:
        FINAL [exit, FLOW30_FINISH, FINISH] |[exit]| FINAL [exit, FLOW34_FINISH, FINISH] |[exit]| FINAL [exit, FLOW50_FINISH, FINISH] |[exit]| FINAL [exit, FLOW49_FINISH, FINISH] |[exit]| TASK_1_1 [exit, FLOW37_FINISH, SEARCHITEMS, FLOW40_BEGIN] |[exit]| TASK_1_1 [exit, FLOW39_FINISH, CHOOSEITEMS, FLOW41_BEGIN] |[exit]| ... |[exit]| ...

   - a deadlock exists for rendez-vous:
        FLOW33_FINISH [1111] !(PARAM__IDENT [61]) of ID [ID:5]
     synchronized by parallel operator ``|[exit, MOVEON, FLOW9_BEGIN, FLOW9_FINISH, FLOW10_BEGIN, FLOW10_FINISH, FLOW11_BEGIN, FLOW11_FINISH, FLOW12_BEGIN, FLOW12_FINISH, FLOW13_BEGIN, FLOW13_FINISH, FLOW14_BEGIN, FLOW14_FINISH, FLOW15_BEGIN, FLOW15_FINISH, FLOW16_BEGIN, FLOW16_FINISH, FLOW17_BEGIN, FLOW17_FINISH, FLOW18_BEGIN, FLOW18_FINISH, FLOW19_BEGIN, FLOW19_FINISH, FLOW20_BEGIN, FLOW20_FINISH, FLOW21_BEGIN, FLOW21_FINISH, FLOW22_BEGIN, FLOW22_FINISH, FLOW23_BEGIN, FLOW23_FINISH, FLOW24_BEGIN, FLOW24_FINISH, FLOW25_BEGIN, FLOW25_FINISH, FLOW26_BEGIN, FLOW26_FINISH, FLOW27_BEGIN, FLOW27_FINISH, FLOW28_BEGIN, FLOW28_FINISH, FLOW29_BEGIN, FLOW29_FINISH, FLOW30_BEGIN, FLOW30_FINISH, FLOW31_BEGIN, FLOW31_FINISH, FLOW32_BEGIN, FLOW32_FINISH, FLOW33_BEGIN, FLOW33_FINISH, FLOW34_BEGIN, FLOW34_FINISH, FLOW35_BEGIN, FLOW35_FINISH, FLOW36_BEGIN, FLOW36_FINISH, FLOW37_BEGIN, FLOW37_FINISH, FLOW38_BEGIN, FLOW38_FINISH, FLOW39_BEGIN, FLOW39_FINISH, FLOW40_BEGIN, FLOW40_FINISH, FLOW41_BEGIN, FLOW41_FINISH, FLOW42_BEGIN, FLOW42_FINISH, FLOW43_BEGIN, FLOW43_FINISH, FLOW44_BEGIN, FLOW44_FINISH, FLOW45_BEGIN, FLOW45_FINISH, FLOW46_BEGIN, FLOW46_FINISH, FLOW47_BEGIN, FLOW47_FINISH, FLOW48_BEGIN, FLOW48_FINISH, FLOW49_BEGIN, FLOW49_FINISH, FLOW50_BEGIN, FLOW50_FINISH, FLOW51_BEGIN, FLOW51_FINISH, FLOW52_BEGIN, FLOW52_FINISH, INCLUSIVEGATEWAY1_1, INCLUSIVEGATEWAY1_2, INCLUSIVEGATEWAY1_3, INCLUSIVEGATEWAY1_4, INCLUSIVEGATEWAY1_5, INCLUSIVEGATEWAY1_6, INCLUSIVEGATEWAY1_7]|''
     this gate/offer combination is used in the right operand:
        FLOW [exit, FLOW9_BEGIN, FLOW9_FINISH] (...) |[exit]| FLOW [exit, FLOW10_BEGIN, FLOW10_FINISH] (...) |[exit]| FLOW [exit, FLOW11_BEGIN, FLOW11_FINISH] (...) |[exit]| FLOW [exit, FLOW12_BEGIN, FLOW12_FINISH] (...) |[exit]| FLOW [exit, FLOW13_BEGIN, FLOW13_FINISH] (...) |[exit]| ... |[exit]| ... |[exit, FLOW9_BEGIN, FLOW9_FINISH, FLOW10_BEGIN, FLOW10_FINISH, FLOW11_BEGIN, FLOW11_FINISH, FLOW12_BEGIN, FLOW12_FINISH, FLOW13_BEGIN, FLOW13_FINISH, FLOW14_BEGIN, FLOW14_FINISH, FLOW15_BEGIN, FLOW15_FINISH, FLOW16_BEGIN, FLOW16_FINISH, FLOW17_BEGIN, FLOW17_FINISH, FLOW18_BEGIN, FLOW18_FINISH, FLOW19_BEGIN, FLOW19_FINISH, FLOW20_BEGIN, FLOW20_FINISH, FLOW21_BEGIN, FLOW21_FINISH, FLOW22_BEGIN, FLOW22_FINISH, FLOW23_BEGIN, FLOW23_FINISH, FLOW24_BEGIN, FLOW24_FINISH, FLOW25_BEGIN, FLOW25_FINISH, FLOW26_BEGIN, FLOW26_FINISH, FLOW27_BEGIN, FLOW27_FINISH, FLOW28_BEGIN, FLOW28_FINISH, FLOW29_BEGIN, FLOW29_FINISH, FLOW30_BEGIN, FLOW30_FINISH, FLOW31_BEGIN, FLOW31_FINISH, FLOW32_BEGIN, FLOW32_FINISH, FLOW33_BEGIN, FLOW33_FINISH, FLOW34_BEGIN, FLOW34_FINISH, FLOW35_BEGIN, FLOW35_FINISH, FLOW36_BEGIN, FLOW36_FINISH, FLOW37_BEGIN, FLOW37_FINISH, FLOW38_BEGIN, FLOW38_FINISH, FLOW39_BEGIN, FLOW39_FINISH, FLOW40_BEGIN, FLOW40_FINISH, FLOW41_BEGIN, FLOW41_FINISH, FLOW42_BEGIN, FLOW42_FINISH, FLOW43_BEGIN, FLOW43_FINISH, FLOW44_BEGIN, FLOW44_FINISH, FLOW45_BEGIN, FLOW45_FINISH, FLOW46_BEGIN, FLOW46_FINISH, FLOW47_BEGIN, FLOW47_FINISH, FLOW48_BEGIN, FLOW48_FINISH, FLOW49_BEGIN, FLOW49_FINISH, FLOW50_BEGIN, FLOW50_FINISH, FLOW51_BEGIN, FLOW51_FINISH, FLOW52_BEGIN, FLOW52_FINISH]| INIT [exit, BEGIN, FLOW37_BEGIN] |[exit]| FINAL [exit, FLOW30_FINISH, FINISH] |[exit]| FINAL [exit, FLOW34_FINISH, FINISH] |[exit]| FINAL [exit, FLOW50_FINISH, FINISH] |[exit]| FINAL [exit, FLOW49_FINISH, FINISH] |[exit]| ... |[exit]| ...
     but not in the left operand:
        SCHEDULER [exit, FLOW9_BEGIN, FLOW9_FINISH, FLOW10_BEGIN, FLOW10_FINISH, FLOW11_BEGIN, FLOW11_FINISH, FLOW12_BEGIN, FLOW12_FINISH, FLOW13_BEGIN, FLOW13_FINISH, FLOW14_BEGIN, FLOW14_FINISH, FLOW15_BEGIN, FLOW15_FINISH, FLOW16_BEGIN, FLOW16_FINISH, FLOW17_BEGIN, FLOW17_FINISH, FLOW18_BEGIN, FLOW18_FINISH, FLOW19_BEGIN, FLOW19_FINISH, FLOW20_BEGIN, FLOW20_FINISH, FLOW21_BEGIN, FLOW21_FINISH, FLOW22_BEGIN, FLOW22_FINISH, FLOW23_BEGIN, FLOW23_FINISH, FLOW24_BEGIN, FLOW24_FINISH, FLOW25_BEGIN, FLOW25_FINISH, FLOW26_BEGIN, FLOW26_FINISH, FLOW27_BEGIN, FLOW27_FINISH, FLOW28_BEGIN, FLOW28_FINISH, FLOW29_BEGIN, FLOW29_FINISH, FLOW30_BEGIN, FLOW30_FINISH, FLOW31_BEGIN, FLOW31_FINISH, FLOW32_BEGIN, FLOW32_FINISH, FLOW33_BEGIN, FLOW33_FINISH, FLOW34_BEGIN, FLOW34_FINISH, FLOW35_BEGIN, FLOW35_FINISH, FLOW36_BEGIN, FLOW36_FINISH, FLOW37_BEGIN, FLOW37_FINISH, FLOW38_BEGIN, FLOW38_FINISH, FLOW39_BEGIN, FLOW39_FINISH, FLOW40_BEGIN, FLOW40_FINISH, FLOW41_BEGIN, FLOW41_FINISH, FLOW42_BEGIN, FLOW42_FINISH, FLOW43_BEGIN, FLOW43_FINISH, FLOW44_BEGIN, FLOW44_FINISH, FLOW45_BEGIN, FLOW45_FINISH, FLOW46_BEGIN, FLOW46_FINISH, FLOW47_BEGIN, FLOW47_FINISH, FLOW48_BEGIN, FLOW48_FINISH, FLOW49_BEGIN, FLOW49_FINISH, FLOW50_BEGIN, FLOW50_FINISH, FLOW51_BEGIN, FLOW51_FINISH, FLOW52_BEGIN, FLOW52_FINISH, INCLUSIVEGATEWAY1_1, INCLUSIVEGATEWAY1_2, INCLUSIVEGATEWAY1_3, INCLUSIVEGATEWAY1_4, INCLUSIVEGATEWAY1_5, INCLUSIVEGATEWAY1_6, INCLUSIVEGATEWAY1_7, MOVEON] (..., ..., ..., ..., ...)

   - a deadlock exists for rendez-vous:
        FLOW49_FINISH [1111] !(PARAM__IDENT [61]) of ID [ID:5]
     synchronized by parallel operator ``|[exit, MOVEON, FLOW9_BEGIN, FLOW9_FINISH, FLOW10_BEGIN, FLOW10_FINISH, FLOW11_BEGIN, FLOW11_FINISH, FLOW12_BEGIN, FLOW12_FINISH, FLOW13_BEGIN, FLOW13_FINISH, FLOW14_BEGIN, FLOW14_FINISH, FLOW15_BEGIN, FLOW15_FINISH, FLOW16_BEGIN, FLOW16_FINISH, FLOW17_BEGIN, FLOW17_FINISH, FLOW18_BEGIN, FLOW18_FINISH, FLOW19_BEGIN, FLOW19_FINISH, FLOW20_BEGIN, FLOW20_FINISH, FLOW21_BEGIN, FLOW21_FINISH, FLOW22_BEGIN, FLOW22_FINISH, FLOW23_BEGIN, FLOW23_FINISH, FLOW24_BEGIN, FLOW24_FINISH, FLOW25_BEGIN, FLOW25_FINISH, FLOW26_BEGIN, FLOW26_FINISH, FLOW27_BEGIN, FLOW27_FINISH, FLOW28_BEGIN, FLOW28_FINISH, FLOW29_BEGIN, FLOW29_FINISH, FLOW30_BEGIN, FLOW30_FINISH, FLOW31_BEGIN, FLOW31_FINISH, FLOW32_BEGIN, FLOW32_FINISH, FLOW33_BEGIN, FLOW33_FINISH, FLOW34_BEGIN, FLOW34_FINISH, FLOW35_BEGIN, FLOW35_FINISH, FLOW36_BEGIN, FLOW36_FINISH, FLOW37_BEGIN, FLOW37_FINISH, FLOW38_BEGIN, FLOW38_FINISH, FLOW39_BEGIN, FLOW39_FINISH, FLOW40_BEGIN, FLOW40_FINISH, FLOW41_BEGIN, FLOW41_FINISH, FLOW42_BEGIN, FLOW42_FINISH, FLOW43_BEGIN, FLOW43_FINISH, FLOW44_BEGIN, FLOW44_FINISH, FLOW45_BEGIN, FLOW45_FINISH, FLOW46_BEGIN, FLOW46_FINISH, FLOW47_BEGIN, FLOW47_FINISH, FLOW48_BEGIN, FLOW48_FINISH, FLOW49_BEGIN, FLOW49_FINISH, FLOW50_BEGIN, FLOW50_FINISH, FLOW51_BEGIN, FLOW51_FINISH, FLOW52_BEGIN, FLOW52_FINISH, INCLUSIVEGATEWAY1_1, INCLUSIVEGATEWAY1_2, INCLUSIVEGATEWAY1_3, INCLUSIVEGATEWAY1_4, INCLUSIVEGATEWAY1_5, INCLUSIVEGATEWAY1_6, INCLUSIVEGATEWAY1_7]|''
     this gate/offer combination is used in the right operand:
        FLOW [exit, FLOW9_BEGIN, FLOW9_FINISH] (...) |[exit]| FLOW [exit, FLOW10_BEGIN, FLOW10_FINISH] (...) |[exit]| FLOW [exit, FLOW11_BEGIN, FLOW11_FINISH] (...) |[exit]| FLOW [exit, FLOW12_BEGIN, FLOW12_FINISH] (...) |[exit]| FLOW [exit, FLOW13_BEGIN, FLOW13_FINISH] (...) |[exit]| ... |[exit]| ... |[exit, FLOW9_BEGIN, FLOW9_FINISH, FLOW10_BEGIN, FLOW10_FINISH, FLOW11_BEGIN, FLOW11_FINISH, FLOW12_BEGIN, FLOW12_FINISH, FLOW13_BEGIN, FLOW13_FINISH, FLOW14_BEGIN, FLOW14_FINISH, FLOW15_BEGIN, FLOW15_FINISH, FLOW16_BEGIN, FLOW16_FINISH, FLOW17_BEGIN, FLOW17_FINISH, FLOW18_BEGIN, FLOW18_FINISH, FLOW19_BEGIN, FLOW19_FINISH, FLOW20_BEGIN, FLOW20_FINISH, FLOW21_BEGIN, FLOW21_FINISH, FLOW22_BEGIN, FLOW22_FINISH, FLOW23_BEGIN, FLOW23_FINISH, FLOW24_BEGIN, FLOW24_FINISH, FLOW25_BEGIN, FLOW25_FINISH, FLOW26_BEGIN, FLOW26_FINISH, FLOW27_BEGIN, FLOW27_FINISH, FLOW28_BEGIN, FLOW28_FINISH, FLOW29_BEGIN, FLOW29_FINISH, FLOW30_BEGIN, FLOW30_FINISH, FLOW31_BEGIN, FLOW31_FINISH, FLOW32_BEGIN, FLOW32_FINISH, FLOW33_BEGIN, FLOW33_FINISH, FLOW34_BEGIN, FLOW34_FINISH, FLOW35_BEGIN, FLOW35_FINISH, FLOW36_BEGIN, FLOW36_FINISH, FLOW37_BEGIN, FLOW37_FINISH, FLOW38_BEGIN, FLOW38_FINISH, FLOW39_BEGIN, FLOW39_FINISH, FLOW40_BEGIN, FLOW40_FINISH, FLOW41_BEGIN, FLOW41_FINISH, FLOW42_BEGIN, FLOW42_FINISH, FLOW43_BEGIN, FLOW43_FINISH, FLOW44_BEGIN, FLOW44_FINISH, FLOW45_BEGIN, FLOW45_FINISH, FLOW46_BEGIN, FLOW46_FINISH, FLOW47_BEGIN, FLOW47_FINISH, FLOW48_BEGIN, FLOW48_FINISH, FLOW49_BEGIN, FLOW49_FINISH, FLOW50_BEGIN, FLOW50_FINISH, FLOW51_BEGIN, FLOW51_FINISH, FLOW52_BEGIN, FLOW52_FINISH]| INIT [exit, BEGIN, FLOW37_BEGIN] |[exit]| FINAL [exit, FLOW30_FINISH, FINISH] |[exit]| FINAL [exit, FLOW34_FINISH, FINISH] |[exit]| FINAL [exit, FLOW50_FINISH, FINISH] |[exit]| FINAL [exit, FLOW49_FINISH, FINISH] |[exit]| ... |[exit]| ...
     but not in the left operand:
        SCHEDULER [exit, FLOW9_BEGIN, FLOW9_FINISH, FLOW10_BEGIN, FLOW10_FINISH, FLOW11_BEGIN, FLOW11_FINISH, FLOW12_BEGIN, FLOW12_FINISH, FLOW13_BEGIN, FLOW13_FINISH, FLOW14_BEGIN, FLOW14_FINISH, FLOW15_BEGIN, FLOW15_FINISH, FLOW16_BEGIN, FLOW16_FINISH, FLOW17_BEGIN, FLOW17_FINISH, FLOW18_BEGIN, FLOW18_FINISH, FLOW19_BEGIN, FLOW19_FINISH, FLOW20_BEGIN, FLOW20_FINISH, FLOW21_BEGIN, FLOW21_FINISH, FLOW22_BEGIN, FLOW22_FINISH, FLOW23_BEGIN, FLOW23_FINISH, FLOW24_BEGIN, FLOW24_FINISH, FLOW25_BEGIN, FLOW25_FINISH, FLOW26_BEGIN, FLOW26_FINISH, FLOW27_BEGIN, FLOW27_FINISH, FLOW28_BEGIN, FLOW28_FINISH, FLOW29_BEGIN, FLOW29_FINISH, FLOW30_BEGIN, FLOW30_FINISH, FLOW31_BEGIN, FLOW31_FINISH, FLOW32_BEGIN, FLOW32_FINISH, FLOW33_BEGIN, FLOW33_FINISH, FLOW34_BEGIN, FLOW34_FINISH, FLOW35_BEGIN, FLOW35_FINISH, FLOW36_BEGIN, FLOW36_FINISH, FLOW37_BEGIN, FLOW37_FINISH, FLOW38_BEGIN, FLOW38_FINISH, FLOW39_BEGIN, FLOW39_FINISH, FLOW40_BEGIN, FLOW40_FINISH, FLOW41_BEGIN, FLOW41_FINISH, FLOW42_BEGIN, FLOW42_FINISH, FLOW43_BEGIN, FLOW43_FINISH, FLOW44_BEGIN, FLOW44_FINISH, FLOW45_BEGIN, FLOW45_FINISH, FLOW46_BEGIN, FLOW46_FINISH, FLOW47_BEGIN, FLOW47_FINISH, FLOW48_BEGIN, FLOW48_FINISH, FLOW49_BEGIN, FLOW49_FINISH, FLOW50_BEGIN, FLOW50_FINISH, FLOW51_BEGIN, FLOW51_FINISH, FLOW52_BEGIN, FLOW52_FINISH, INCLUSIVEGATEWAY1_1, INCLUSIVEGATEWAY1_2, INCLUSIVEGATEWAY1_3, INCLUSIVEGATEWAY1_4, INCLUSIVEGATEWAY1_5, INCLUSIVEGATEWAY1_6, INCLUSIVEGATEWAY1_7, MOVEON] (..., ..., ..., ..., ...)

   - a deadlock exists for rendez-vous:
        FLOW50_FINISH [1111] !(PARAM__IDENT [61]) of ID [ID:5]
     synchronized by parallel operator ``|[exit, MOVEON, FLOW9_BEGIN, FLOW9_FINISH, FLOW10_BEGIN, FLOW10_FINISH, FLOW11_BEGIN, FLOW11_FINISH, FLOW12_BEGIN, FLOW12_FINISH, FLOW13_BEGIN, FLOW13_FINISH, FLOW14_BEGIN, FLOW14_FINISH, FLOW15_BEGIN, FLOW15_FINISH, FLOW16_BEGIN, FLOW16_FINISH, FLOW17_BEGIN, FLOW17_FINISH, FLOW18_BEGIN, FLOW18_FINISH, FLOW19_BEGIN, FLOW19_FINISH, FLOW20_BEGIN, FLOW20_FINISH, FLOW21_BEGIN, FLOW21_FINISH, FLOW22_BEGIN, FLOW22_FINISH, FLOW23_BEGIN, FLOW23_FINISH, FLOW24_BEGIN, FLOW24_FINISH, FLOW25_BEGIN, FLOW25_FINISH, FLOW26_BEGIN, FLOW26_FINISH, FLOW27_BEGIN, FLOW27_FINISH, FLOW28_BEGIN, FLOW28_FINISH, FLOW29_BEGIN, FLOW29_FINISH, FLOW30_BEGIN, FLOW30_FINISH, FLOW31_BEGIN, FLOW31_FINISH, FLOW32_BEGIN, FLOW32_FINISH, FLOW33_BEGIN, FLOW33_FINISH, FLOW34_BEGIN, FLOW34_FINISH, FLOW35_BEGIN, FLOW35_FINISH, FLOW36_BEGIN, FLOW36_FINISH, FLOW37_BEGIN, FLOW37_FINISH, FLOW38_BEGIN, FLOW38_FINISH, FLOW39_BEGIN, FLOW39_FINISH, FLOW40_BEGIN, FLOW40_FINISH, FLOW41_BEGIN, FLOW41_FINISH, FLOW42_BEGIN, FLOW42_FINISH, FLOW43_BEGIN, FLOW43_FINISH, FLOW44_BEGIN, FLOW44_FINISH, FLOW45_BEGIN, FLOW45_FINISH, FLOW46_BEGIN, FLOW46_FINISH, FLOW47_BEGIN, FLOW47_FINISH, FLOW48_BEGIN, FLOW48_FINISH, FLOW49_BEGIN, FLOW49_FINISH, FLOW50_BEGIN, FLOW50_FINISH, FLOW51_BEGIN, FLOW51_FINISH, FLOW52_BEGIN, FLOW52_FINISH, INCLUSIVEGATEWAY1_1, INCLUSIVEGATEWAY1_2, INCLUSIVEGATEWAY1_3, INCLUSIVEGATEWAY1_4, INCLUSIVEGATEWAY1_5, INCLUSIVEGATEWAY1_6, INCLUSIVEGATEWAY1_7]|''
     this gate/offer combination is used in the right operand:
        FLOW [exit, FLOW9_BEGIN, FLOW9_FINISH] (...) |[exit]| FLOW [exit, FLOW10_BEGIN, FLOW10_FINISH] (...) |[exit]| FLOW [exit, FLOW11_BEGIN, FLOW11_FINISH] (...) |[exit]| FLOW [exit, FLOW12_BEGIN, FLOW12_FINISH] (...) |[exit]| FLOW [exit, FLOW13_BEGIN, FLOW13_FINISH] (...) |[exit]| ... |[exit]| ... |[exit, FLOW9_BEGIN, FLOW9_FINISH, FLOW10_BEGIN, FLOW10_FINISH, FLOW11_BEGIN, FLOW11_FINISH, FLOW12_BEGIN, FLOW12_FINISH, FLOW13_BEGIN, FLOW13_FINISH, FLOW14_BEGIN, FLOW14_FINISH, FLOW15_BEGIN, FLOW15_FINISH, FLOW16_BEGIN, FLOW16_FINISH, FLOW17_BEGIN, FLOW17_FINISH, FLOW18_BEGIN, FLOW18_FINISH, FLOW19_BEGIN, FLOW19_FINISH, FLOW20_BEGIN, FLOW20_FINISH, FLOW21_BEGIN, FLOW21_FINISH, FLOW22_BEGIN, FLOW22_FINISH, FLOW23_BEGIN, FLOW23_FINISH, FLOW24_BEGIN, FLOW24_FINISH, FLOW25_BEGIN, FLOW25_FINISH, FLOW26_BEGIN, FLOW26_FINISH, FLOW27_BEGIN, FLOW27_FINISH, FLOW28_BEGIN, FLOW28_FINISH, FLOW29_BEGIN, FLOW29_FINISH, FLOW30_BEGIN, FLOW30_FINISH, FLOW31_BEGIN, FLOW31_FINISH, FLOW32_BEGIN, FLOW32_FINISH, FLOW33_BEGIN, FLOW33_FINISH, FLOW34_BEGIN, FLOW34_FINISH, FLOW35_BEGIN, FLOW35_FINISH, FLOW36_BEGIN, FLOW36_FINISH, FLOW37_BEGIN, FLOW37_FINISH, FLOW38_BEGIN, FLOW38_FINISH, FLOW39_BEGIN, FLOW39_FINISH, FLOW40_BEGIN, FLOW40_FINISH, FLOW41_BEGIN, FLOW41_FINISH, FLOW42_BEGIN, FLOW42_FINISH, FLOW43_BEGIN, FLOW43_FINISH, FLOW44_BEGIN, FLOW44_FINISH, FLOW45_BEGIN, FLOW45_FINISH, FLOW46_BEGIN, FLOW46_FINISH, FLOW47_BEGIN, FLOW47_FINISH, FLOW48_BEGIN, FLOW48_FINISH, FLOW49_BEGIN, FLOW49_FINISH, FLOW50_BEGIN, FLOW50_FINISH, FLOW51_BEGIN, FLOW51_FINISH, FLOW52_BEGIN, FLOW52_FINISH]| INIT [exit, BEGIN, FLOW37_BEGIN] |[exit]| FINAL [exit, FLOW30_FINISH, FINISH] |[exit]| FINAL [exit, FLOW34_FINISH, FINISH] |[exit]| FINAL [exit, FLOW50_FINISH, FINISH] |[exit]| FINAL [exit, FLOW49_FINISH, FINISH] |[exit]| ... |[exit]| ...
     but not in the left operand:
        SCHEDULER [exit, FLOW9_BEGIN, FLOW9_FINISH, FLOW10_BEGIN, FLOW10_FINISH, FLOW11_BEGIN, FLOW11_FINISH, FLOW12_BEGIN, FLOW12_FINISH, FLOW13_BEGIN, FLOW13_FINISH, FLOW14_BEGIN, FLOW14_FINISH, FLOW15_BEGIN, FLOW15_FINISH, FLOW16_BEGIN, FLOW16_FINISH, FLOW17_BEGIN, FLOW17_FINISH, FLOW18_BEGIN, FLOW18_FINISH, FLOW19_BEGIN, FLOW19_FINISH, FLOW20_BEGIN, FLOW20_FINISH, FLOW21_BEGIN, FLOW21_FINISH, FLOW22_BEGIN, FLOW22_FINISH, FLOW23_BEGIN, FLOW23_FINISH, FLOW24_BEGIN, FLOW24_FINISH, FLOW25_BEGIN, FLOW25_FINISH, FLOW26_BEGIN, FLOW26_FINISH, FLOW27_BEGIN, FLOW27_FINISH, FLOW28_BEGIN, FLOW28_FINISH, FLOW29_BEGIN, FLOW29_FINISH, FLOW30_BEGIN, FLOW30_FINISH, FLOW31_BEGIN, FLOW31_FINISH, FLOW32_BEGIN, FLOW32_FINISH, FLOW33_BEGIN, FLOW33_FINISH, FLOW34_BEGIN, FLOW34_FINISH, FLOW35_BEGIN, FLOW35_FINISH, FLOW36_BEGIN, FLOW36_FINISH, FLOW37_BEGIN, FLOW37_FINISH, FLOW38_BEGIN, FLOW38_FINISH, FLOW39_BEGIN, FLOW39_FINISH, FLOW40_BEGIN, FLOW40_FINISH, FLOW41_BEGIN, FLOW41_FINISH, FLOW42_BEGIN, FLOW42_FINISH, FLOW43_BEGIN, FLOW43_FINISH, FLOW44_BEGIN, FLOW44_FINISH, FLOW45_BEGIN, FLOW45_FINISH, FLOW46_BEGIN, FLOW46_FINISH, FLOW47_BEGIN, FLOW47_FINISH, FLOW48_BEGIN, FLOW48_FINISH, FLOW49_BEGIN, FLOW49_FINISH, FLOW50_BEGIN, FLOW50_FINISH, FLOW51_BEGIN, FLOW51_FINISH, FLOW52_BEGIN, FLOW52_FINISH, INCLUSIVEGATEWAY1_1, INCLUSIVEGATEWAY1_2, INCLUSIVEGATEWAY1_3, INCLUSIVEGATEWAY1_4, INCLUSIVEGATEWAY1_5, INCLUSIVEGATEWAY1_6, INCLUSIVEGATEWAY1_7, MOVEON] (..., ..., ..., ..., ...)

   - a deadlock exists for rendez-vous:
        FLOW34_FINISH [1111] !(PARAM__IDENT [61]) of ID [ID:5]
     synchronized by parallel operator ``|[exit, MOVEON, FLOW9_BEGIN, FLOW9_FINISH, FLOW10_BEGIN, FLOW10_FINISH, FLOW11_BEGIN, FLOW11_FINISH, FLOW12_BEGIN, FLOW12_FINISH, FLOW13_BEGIN, FLOW13_FINISH, FLOW14_BEGIN, FLOW14_FINISH, FLOW15_BEGIN, FLOW15_FINISH, FLOW16_BEGIN, FLOW16_FINISH, FLOW17_BEGIN, FLOW17_FINISH, FLOW18_BEGIN, FLOW18_FINISH, FLOW19_BEGIN, FLOW19_FINISH, FLOW20_BEGIN, FLOW20_FINISH, FLOW21_BEGIN, FLOW21_FINISH, FLOW22_BEGIN, FLOW22_FINISH, FLOW23_BEGIN, FLOW23_FINISH, FLOW24_BEGIN, FLOW24_FINISH, FLOW25_BEGIN, FLOW25_FINISH, FLOW26_BEGIN, FLOW26_FINISH, FLOW27_BEGIN, FLOW27_FINISH, FLOW28_BEGIN, FLOW28_FINISH, FLOW29_BEGIN, FLOW29_FINISH, FLOW30_BEGIN, FLOW30_FINISH, FLOW31_BEGIN, FLOW31_FINISH, FLOW32_BEGIN, FLOW32_FINISH, FLOW33_BEGIN, FLOW33_FINISH, FLOW34_BEGIN, FLOW34_FINISH, FLOW35_BEGIN, FLOW35_FINISH, FLOW36_BEGIN, FLOW36_FINISH, FLOW37_BEGIN, FLOW37_FINISH, FLOW38_BEGIN, FLOW38_FINISH, FLOW39_BEGIN, FLOW39_FINISH, FLOW40_BEGIN, FLOW40_FINISH, FLOW41_BEGIN, FLOW41_FINISH, FLOW42_BEGIN, FLOW42_FINISH, FLOW43_BEGIN, FLOW43_FINISH, FLOW44_BEGIN, FLOW44_FINISH, FLOW45_BEGIN, FLOW45_FINISH, FLOW46_BEGIN, FLOW46_FINISH, FLOW47_BEGIN, FLOW47_FINISH, FLOW48_BEGIN, FLOW48_FINISH, FLOW49_BEGIN, FLOW49_FINISH, FLOW50_BEGIN, FLOW50_FINISH, FLOW51_BEGIN, FLOW51_FINISH, FLOW52_BEGIN, FLOW52_FINISH, INCLUSIVEGATEWAY1_1, INCLUSIVEGATEWAY1_2, INCLUSIVEGATEWAY1_3, INCLUSIVEGATEWAY1_4, INCLUSIVEGATEWAY1_5, INCLUSIVEGATEWAY1_6, INCLUSIVEGATEWAY1_7]|''
     this gate/offer combination is used in the right operand:
        FLOW [exit, FLOW9_BEGIN, FLOW9_FINISH] (...) |[exit]| FLOW [exit, FLOW10_BEGIN, FLOW10_FINISH] (...) |[exit]| FLOW [exit, FLOW11_BEGIN, FLOW11_FINISH] (...) |[exit]| FLOW [exit, FLOW12_BEGIN, FLOW12_FINISH] (...) |[exit]| FLOW [exit, FLOW13_BEGIN, FLOW13_FINISH] (...) |[exit]| ... |[exit]| ... |[exit, FLOW9_BEGIN, FLOW9_FINISH, FLOW10_BEGIN, FLOW10_FINISH, FLOW11_BEGIN, FLOW11_FINISH, FLOW12_BEGIN, FLOW12_FINISH, FLOW13_BEGIN, FLOW13_FINISH, FLOW14_BEGIN, FLOW14_FINISH, FLOW15_BEGIN, FLOW15_FINISH, FLOW16_BEGIN, FLOW16_FINISH, FLOW17_BEGIN, FLOW17_FINISH, FLOW18_BEGIN, FLOW18_FINISH, FLOW19_BEGIN, FLOW19_FINISH, FLOW20_BEGIN, FLOW20_FINISH, FLOW21_BEGIN, FLOW21_FINISH, FLOW22_BEGIN, FLOW22_FINISH, FLOW23_BEGIN, FLOW23_FINISH, FLOW24_BEGIN, FLOW24_FINISH, FLOW25_BEGIN, FLOW25_FINISH, FLOW26_BEGIN, FLOW26_FINISH, FLOW27_BEGIN, FLOW27_FINISH, FLOW28_BEGIN, FLOW28_FINISH, FLOW29_BEGIN, FLOW29_FINISH, FLOW30_BEGIN, FLOW30_FINISH, FLOW31_BEGIN, FLOW31_FINISH, FLOW32_BEGIN, FLOW32_FINISH, FLOW33_BEGIN, FLOW33_FINISH, FLOW34_BEGIN, FLOW34_FINISH, FLOW35_BEGIN, FLOW35_FINISH, FLOW36_BEGIN, FLOW36_FINISH, FLOW37_BEGIN, FLOW37_FINISH, FLOW38_BEGIN, FLOW38_FINISH, FLOW39_BEGIN, FLOW39_FINISH, FLOW40_BEGIN, FLOW40_FINISH, FLOW41_BEGIN, FLOW41_FINISH, FLOW42_BEGIN, FLOW42_FINISH, FLOW43_BEGIN, FLOW43_FINISH, FLOW44_BEGIN, FLOW44_FINISH, FLOW45_BEGIN, FLOW45_FINISH, FLOW46_BEGIN, FLOW46_FINISH, FLOW47_BEGIN, FLOW47_FINISH, FLOW48_BEGIN, FLOW48_FINISH, FLOW49_BEGIN, FLOW49_FINISH, FLOW50_BEGIN, FLOW50_FINISH, FLOW51_BEGIN, FLOW51_FINISH, FLOW52_BEGIN, FLOW52_FINISH]| INIT [exit, BEGIN, FLOW37_BEGIN] |[exit]| FINAL [exit, FLOW30_FINISH, FINISH] |[exit]| FINAL [exit, FLOW34_FINISH, FINISH] |[exit]| FINAL [exit, FLOW50_FINISH, FINISH] |[exit]| FINAL [exit, FLOW49_FINISH, FINISH] |[exit]| ... |[exit]| ...
     but not in the left operand:
        SCHEDULER [exit, FLOW9_BEGIN, FLOW9_FINISH, FLOW10_BEGIN, FLOW10_FINISH, FLOW11_BEGIN, FLOW11_FINISH, FLOW12_BEGIN, FLOW12_FINISH, FLOW13_BEGIN, FLOW13_FINISH, FLOW14_BEGIN, FLOW14_FINISH, FLOW15_BEGIN, FLOW15_FINISH, FLOW16_BEGIN, FLOW16_FINISH, FLOW17_BEGIN, FLOW17_FINISH, FLOW18_BEGIN, FLOW18_FINISH, FLOW19_BEGIN, FLOW19_FINISH, FLOW20_BEGIN, FLOW20_FINISH, FLOW21_BEGIN, FLOW21_FINISH, FLOW22_BEGIN, FLOW22_FINISH, FLOW23_BEGIN, FLOW23_FINISH, FLOW24_BEGIN, FLOW24_FINISH, FLOW25_BEGIN, FLOW25_FINISH, FLOW26_BEGIN, FLOW26_FINISH, FLOW27_BEGIN, FLOW27_FINISH, FLOW28_BEGIN, FLOW28_FINISH, FLOW29_BEGIN, FLOW29_FINISH, FLOW30_BEGIN, FLOW30_FINISH, FLOW31_BEGIN, FLOW31_FINISH, FLOW32_BEGIN, FLOW32_FINISH, FLOW33_BEGIN, FLOW33_FINISH, FLOW34_BEGIN, FLOW34_FINISH, FLOW35_BEGIN, FLOW35_FINISH, FLOW36_BEGIN, FLOW36_FINISH, FLOW37_BEGIN, FLOW37_FINISH, FLOW38_BEGIN, FLOW38_FINISH, FLOW39_BEGIN, FLOW39_FINISH, FLOW40_BEGIN, FLOW40_FINISH, FLOW41_BEGIN, FLOW41_FINISH, FLOW42_BEGIN, FLOW42_FINISH, FLOW43_BEGIN, FLOW43_FINISH, FLOW44_BEGIN, FLOW44_FINISH, FLOW45_BEGIN, FLOW45_FINISH, FLOW46_BEGIN, FLOW46_FINISH, FLOW47_BEGIN, FLOW47_FINISH, FLOW48_BEGIN, FLOW48_FINISH, FLOW49_BEGIN, FLOW49_FINISH, FLOW50_BEGIN, FLOW50_FINISH, FLOW51_BEGIN, FLOW51_FINISH, FLOW52_BEGIN, FLOW52_FINISH, INCLUSIVEGATEWAY1_1, INCLUSIVEGATEWAY1_2, INCLUSIVEGATEWAY1_3, INCLUSIVEGATEWAY1_4, INCLUSIVEGATEWAY1_5, INCLUSIVEGATEWAY1_6, INCLUSIVEGATEWAY1_7, MOVEON] (..., ..., ..., ..., ...)
command exit with status 0

info about shopOnlineV2_raw.bcg:
    (* 1889 states, 2327 transitions, 6.0 Kbytes *)

svl clean info: [persistent] shopOnlineV2.bcg

"shopOnlineV2.bcg" = branching reduction of "shopOnlineV2_raw.bcg"

% bcg_min   -branching  "shopOnlineV2_raw.bcg" "shopOnlineV2.bcg"
command exit with status 0

info about shopOnlineV2.bcg:
    (* 158 states, 223 transitions, 3.4 Kbytes *)

